<?xml version="1.0" encoding="UTF-8"?>
<!-- Generated by org.testng.reporters.JUnitXMLReporter -->
<testsuite ignored="0" hostname="Dell-PC" failures="0" tests="2" name="Surefire test" time="0.059" errors="0" timestamp="2021-03-26T18:30:58 IST">
  <testcase classname="com.test.mavenProject.MavenProject.AppTest" name="shouldAnswerWithFalse" time="0.006"/>
  <testcase classname="com.test.mavenProject.MavenProject.AppTest" name="shouldAnswerWithTrue" time="0.0"/>
</testsuite> <!-- Surefire test -->
