<?xml version="1.0" encoding="UTF-8"?>
<!-- Generated by org.testng.reporters.JUnitXMLReporter -->
<testsuite ignored="0" hostname="Dell-PC" failures="0" tests="4" name="Default test" time="2.186" errors="0" timestamp="2021-05-29T20:31:33 IST">
  <testcase classname="com.test.mavenProject.MavenProject.AppTest" name="jiraTest" time="2.069"/>
  <testcase classname="com.test.mavenProject.MavenProject.AppTest" name="shouldAnswerWithFalse" time="0.003"/>
  <testcase classname="com.test.mavenProject.MavenProject.AppTest" name="shouldAnswerWithTrue" time="0.002"/>
  <testcase classname="com.test.mavenProject.MavenProject.AppTest" name="zapiTest" time="0.002"/>
</testsuite> <!-- Default test -->
