<?xml version="1.0" encoding="UTF-8"?>
<!-- Generated by org.testng.reporters.JUnitXMLReporter -->
<testsuite ignored="0" hostname="Dell-PC" failures="1" tests="2" name="Test" time="2.909" errors="0" timestamp="2021-04-15T13:55:55 IST">
  <testcase classname="com.test.mavenProject.MavenProject.AppTest" name="@AfterMethod jiraTest" time="2.806">
    <failure type="org.catools.common.config.CConfigNotDefinedException" message="Configuration is not defined: ZAPI_HOME
To work with configuration you need to defined it first.
We need all configuration parameters so we can use this information while you are using application in cli mode.
To do so you need to add this information to your default yaml file in following format:
- name: &amp;quot;String: &amp;lt;Configuration Name&amp;gt;&amp;quot;
  descriptions: &amp;quot;String: &amp;lt;Command line prompt to inform use about the propose of config if the value is not set&amp;gt;&amp;quot;
  defaultValue: &amp;quot;String: &amp;lt;Default value so we can use it if value is not set, note that we do not prompt user if default value set&amp;gt;&amp;quot;
  required: &amp;lt;Boolean: Shall we prompt user for this config if it is not set or we can ignore this&amp;gt;
  sensitive: &amp;lt;Boolean: if the configuration information is sensitive and should mask in log&amp;gt;
">
      <![CDATA[org.catools.common.config.CConfigNotDefinedException: Configuration is not defined: ZAPI_HOME
To work with configuration you need to defined it first.
We need all configuration parameters so we can use this information while you are using application in cli mode.
To do so you need to add this information to your default yaml file in following format:
- name: "String: <Configuration Name>"
  descriptions: "String: <Command line prompt to inform use about the propose of config if the value is not set>"
  defaultValue: "String: <Default value so we can use it if value is not set, note that we do not prompt user if default value set>"
  required: <Boolean: Shall we prompt user for this config if it is not set or we can ignore this>
  sensitive: <Boolean: if the configuration information is sensitive and should mask in log>

at org.catools.common.config.CConfigInfoCollection.lambda$getByName$1(CConfigInfoCollection.java:21)
at org.catools.common.collections.interfaces.CIterable.getFirstOrThrow(CIterable.java:254)
at org.catools.common.config.CConfigInfoCollection.getByName(CConfigInfoCollection.java:20)
at org.catools.common.config.CConfigInfoCollection.getByName(CConfigInfoCollection.java:16)
at org.catools.common.config.CConfigInfoCollection.getString(CConfigInfoCollection.java:68)
at org.catools.zapi.configs.CZApiConfigs$ZApi.getZApiUri(CZApiConfigs.java:12)
at org.catools.zapi.rest.CZApiRestClient.get(CZApiRestClient.java:19)
at org.catools.zapi.rest.util.CZApiProjectClient.getProjects(CZApiProjectClient.java:15)
at org.catools.zapi.rest.cycle.CZApiCycleClient.getCycleById(CZApiCycleClient.java:39)
at com.test.mavenProject.MavenProject.AppTest.jiraTest(AppTest.java:67)
]]>
    </failure>
  </testcase> <!-- @AfterMethod jiraTest -->
  <testcase classname="com.test.mavenProject.MavenProject.AppTest" name="@AfterMethod jiraTest" time="-1.618475155754E9">
    <skipped/>
  </testcase> <!-- @AfterMethod jiraTest -->
  <testcase classname="com.test.mavenProject.MavenProject.AppTest" name="shouldAnswerWithFalse" time="0.029">
    <failure type="java.lang.AssertionError">
      <![CDATA[java.lang.AssertionError
at com.test.mavenProject.MavenProject.AppTest.shouldAnswerWithFalse(AppTest.java:49)
]]>
    </failure>
  </testcase> <!-- shouldAnswerWithFalse -->
  <testcase classname="com.test.mavenProject.MavenProject.AppTest" name="shouldAnswerWithTrue" time="0.0">
    <skipped/>
  </testcase> <!-- shouldAnswerWithTrue -->
</testsuite> <!-- Test -->
