-------------------------------------------------------------------------------
Test set: TestSuite
-------------------------------------------------------------------------------
Tests run: 4, Failures: 2, Errors: 0, Skipped: 2, Time elapsed: 3.656 s <<< FAILURE! - in TestSuite
com.test.mavenProject.MavenProject.AppTest.shouldAnswerWithFalse  Time elapsed: 0.039 s  <<< FAILURE!
java.lang.AssertionError
	at com.test.mavenProject.MavenProject.AppTest.shouldAnswerWithFalse(AppTest.java:49)

com.test.mavenProject.MavenProject.AppTest.jiraTest[[TestResult name=shouldAnswerWithFalse status=FAILURE method=AppTest.shouldAnswerWithFalse()[pri:0, instance:com.test.mavenProject.MavenProject.AppTest@223aa2f7] output={null}]](0)  Time elapsed: 2.969 s  <<< FAILURE!
org.catools.common.config.CConfigNotDefinedException: 
Configuration is not defined: ZAPI_HOME
To work with configuration you need to defined it first.
We need all configuration parameters so we can use this information while you are using application in cli mode.
To do so you need to add this information to your default yaml file in following format:
- name: "String: <Configuration Name>"
  descriptions: "String: <Command line prompt to inform use about the propose of config if the value is not set>"
  defaultValue: "String: <Default value so we can use it if value is not set, note that we do not prompt user if default value set>"
  required: <Boolean: Shall we prompt user for this config if it is not set or we can ignore this>
  sensitive: <Boolean: if the configuration information is sensitive and should mask in log>

	at com.test.mavenProject.MavenProject.AppTest.jiraTest(AppTest.java:67)

