<?xml version="1.0" encoding="UTF-8"?>
<testng-results ignored="0" total="2" passed="2" failed="0" skipped="0">
  <reporter-output>
  </reporter-output>
  <suite started-at="2021-03-26T18:30:58 IST" name="Surefire suite" finished-at="2021-03-26T18:30:58 IST" duration-ms="59">
    <groups>
    </groups>
    <test started-at="2021-03-26T18:30:58 IST" name="Surefire test" finished-at="2021-03-26T18:30:58 IST" duration-ms="59">
      <class name="com.test.mavenProject.MavenProject.AppTest">
        <test-method signature="shouldAnswerWithFalse()[pri:0, instance:com.test.mavenProject.MavenProject.AppTest@4466af20]" started-at="2021-03-26T18:30:58 IST" name="shouldAnswerWithFalse" finished-at="2021-03-26T18:30:58 IST" duration-ms="6" status="PASS">
          <reporter-output>
          </reporter-output>
        </test-method> <!-- shouldAnswerWithFalse -->
        <test-method signature="shouldAnswerWithTrue()[pri:0, instance:com.test.mavenProject.MavenProject.AppTest@4466af20]" started-at="2021-03-26T18:30:58 IST" name="shouldAnswerWithTrue" finished-at="2021-03-26T18:30:58 IST" duration-ms="0" status="PASS">
          <reporter-output>
          </reporter-output>
        </test-method> <!-- shouldAnswerWithTrue -->
      </class> <!-- com.test.mavenProject.MavenProject.AppTest -->
    </test> <!-- Surefire test -->
  </suite> <!-- Surefire suite -->
</testng-results>
