<?xml version="1.0" encoding="UTF-8"?>
<testsuite xmlns:xsi="http://www.w3.org/2001/XMLSchema-instance" xsi:noNamespaceSchemaLocation="https://maven.apache.org/surefire/maven-surefire-plugin/xsd/surefire-test-report-3.0.xsd" version="3.0" name="TestSuite" time="3.656" tests="4" errors="0" skipped="2" failures="2">
  <properties>
[...]
</properties>
  <testcase name="shouldAnswerWithFalse" classname="com.test.mavenProject.MavenProject.AppTest" time="0.039">
    <failure type="java.lang.AssertionError"><![CDATA[java.lang.AssertionError
	at com.test.mavenProject.MavenProject.AppTest.shouldAnswerWithFalse(AppTest.java:49)
]]></failure>
    <system-out><![CDATA[Welcome this is Failed test
]]></system-out>
  </testcase>
  <testcase name="jiraTest[[TestResult name=shouldAnswerWithFalse status=FAILURE method=AppTest.shouldAnswerWithFalse()[pri:0, instance:com.test.mavenProject.MavenProject.AppTest@223aa2f7] output={null}]](0)" classname="com.test.mavenProject.MavenProject.AppTest" time="2.969">
    <failure message="Configuration is not defined: ZAPI_HOME&#10;To work with configuration you need to defined it first.&#10;We need all configuration parameters so we can use this information while you are using application in cli mode.&#10;To do so you need to add this information to your default yaml file in following format:&#10;- name: &quot;String: &lt;Configuration Name&gt;&quot;&#10;  descriptions: &quot;String: &lt;Command line prompt to inform use about the propose of config if the value is not set&gt;&quot;&#10;  defaultValue: &quot;String: &lt;Default value so we can use it if value is not set, note that we do not prompt user if default value set&gt;&quot;&#10;  required: &lt;Boolean: Shall we prompt user for this config if it is not set or we can ignore this&gt;&#10;  sensitive: &lt;Boolean: if the configuration information is sensitive and should mask in log&gt;&#10;" type="org.catools.common.config.CConfigNotDefinedException"><![CDATA[org.catools.common.config.CConfigNotDefinedException: 
Configuration is not defined: ZAPI_HOME
To work with configuration you need to defined it first.
We need all configuration parameters so we can use this information while you are using application in cli mode.
To do so you need to add this information to your default yaml file in following format:
- name: "String: <Configuration Name>"
  descriptions: "String: <Command line prompt to inform use about the propose of config if the value is not set>"
  defaultValue: "String: <Default value so we can use it if value is not set, note that we do not prompt user if default value set>"
  required: <Boolean: Shall we prompt user for this config if it is not set or we can ignore this>
  sensitive: <Boolean: if the configuration information is sensitive and should mask in log>

	at com.test.mavenProject.MavenProject.AppTest.jiraTest(AppTest.java:67)
]]></failure>
    <system-out><![CDATA[2021-04-15 13:55:54,013 main ERROR Recursive call to appender Console
cleanup E:\eclipse-workspace\MavenProject\output
&amp#27;[35m21-04-15 13:55:53:963&amp#27;[m [&amp#27;[34mDEBUG&amp#27;[m] Get connection for route {s}->https://seleniumjenkins.atlassian.net:443
&amp#27;[35m21-04-15 13:55:54:117&amp#27;[m [&amp#27;[34mDEBUG&amp#27;[m] Connecting to seleniumjenkins.atlassian.net:443
&amp#27;[35m21-04-15 13:55:54:514&amp#27;[m [&amp#27;[34mDEBUG&amp#27;[m] CookieSpec selected: default
&amp#27;[35m21-04-15 13:55:54:516&amp#27;[m [&amp#27;[34mDEBUG&amp#27;[m] Auth cache not set in the context
&amp#27;[35m21-04-15 13:55:54:517&amp#27;[m [&amp#27;[34mDEBUG&amp#27;[m] Proxy auth state: UNCHALLENGED
&amp#27;[35m21-04-15 13:55:54:518&amp#27;[m [&amp#27;[34mDEBUG&amp#27;[m] Attempt 1 to execute request
&amp#27;[35m21-04-15 13:55:54:519&amp#27;[m [&amp#27;[34mDEBUG&amp#27;[m] Sending request: GET /rest/api/latest/search?jql=project%3D%27MavenProject%27 HTTP/1.1
&amp#27;[35m21-04-15 13:55:54:519&amp#27;[m [&amp#27;[34mDEBUG&amp#27;[m]  >> "GET /rest/api/latest/search?jql=project%3D%27MavenProject%27 HTTP/1.1[\r][\n]"
&amp#27;[35m21-04-15 13:55:54:521&amp#27;[m [&amp#27;[34mDEBUG&amp#27;[m]  >> "Accept: application/json[\r][\n]"
&amp#27;[35m21-04-15 13:55:54:521&amp#27;[m [&amp#27;[34mDEBUG&amp#27;[m]  >> "Authorization: Basic YmhhcmF0aGthbGFwYWt1cmlAaG90bWFpbC5jb206SDVMdklMVVZqQ2c1WVF1SnRndWE0NDY1[\r][\n]"
&amp#27;[35m21-04-15 13:55:54:522&amp#27;[m [&amp#27;[34mDEBUG&amp#27;[m]  >> "Host: seleniumjenkins.atlassian.net[\r][\n]"
&amp#27;[35m21-04-15 13:55:54:522&amp#27;[m [&amp#27;[34mDEBUG&amp#27;[m]  >> "Connection: Keep-Alive[\r][\n]"
&amp#27;[35m21-04-15 13:55:54:522&amp#27;[m [&amp#27;[34mDEBUG&amp#27;[m]  >> "User-Agent: Apache-HttpClient/4.5.13 (Java/11.0.10)[\r][\n]"
&amp#27;[35m21-04-15 13:55:54:523&amp#27;[m [&amp#27;[34mDEBUG&amp#27;[m]  >> "[\r][\n]"
&amp#27;[35m21-04-15 13:55:54:523&amp#27;[m [&amp#27;[34mDEBUG&amp#27;[m] >> GET /rest/api/latest/search?jql=project%3D%27MavenProject%27 HTTP/1.1
&amp#27;[35m21-04-15 13:55:54:523&amp#27;[m [&amp#27;[34mDEBUG&amp#27;[m] >> Accept: application/json
&amp#27;[35m21-04-15 13:55:54:524&amp#27;[m [&amp#27;[34mDEBUG&amp#27;[m] >> Authorization: Basic YmhhcmF0aGthbGFwYWt1cmlAaG90bWFpbC5jb206SDVMdklMVVZqQ2c1WVF1SnRndWE0NDY1
&amp#27;[35m21-04-15 13:55:54:524&amp#27;[m [&amp#27;[34mDEBUG&amp#27;[m] >> Host: seleniumjenkins.atlassian.net
&amp#27;[35m21-04-15 13:55:54:524&amp#27;[m [&amp#27;[34mDEBUG&amp#27;[m] >> Connection: Keep-Alive
&amp#27;[35m21-04-15 13:55:54:524&amp#27;[m [&amp#27;[34mDEBUG&amp#27;[m] >> User-Agent: Apache-HttpClient/4.5.13 (Java/11.0.10)
&amp#27;[35m21-04-15 13:55:54:923&amp#27;[m [&amp#27;[34mDEBUG&amp#27;[m]  << "HTTP/1.1 200 OK[\r][\n]"
&amp#27;[35m21-04-15 13:55:54:927&amp#27;[m [&amp#27;[34mDEBUG&amp#27;[m]  << "Server: AtlassianProxy/1.15.8.1[\r][\n]"
&amp#27;[35m21-04-15 13:55:54:928&amp#27;[m [&amp#27;[34mDEBUG&amp#27;[m]  << "vary: Accept-Encoding[\r][\n]"
&amp#27;[35m21-04-15 13:55:54:928&amp#27;[m [&amp#27;[34mDEBUG&amp#27;[m]  << "cache-control: no-cache, no-store, no-transform[\r][\n]"
&amp#27;[35m21-04-15 13:55:54:929&amp#27;[m [&amp#27;[34mDEBUG&amp#27;[m]  << "Content-Type: application/json;charset=UTF-8[\r][\n]"
&amp#27;[35m21-04-15 13:55:54:930&amp#27;[m [&amp#27;[34mDEBUG&amp#27;[m]  << "Strict-Transport-Security: max-age=315360000; includeSubDomains; preload[\r][\n]"
&amp#27;[35m21-04-15 13:55:54:930&amp#27;[m [&amp#27;[34mDEBUG&amp#27;[m]  << "Date: Thu, 15 Apr 2021 08:25:55 GMT[\r][\n]"
&amp#27;[35m21-04-15 13:55:54:931&amp#27;[m [&amp#27;[34mDEBUG&amp#27;[m]  << "ATL-TraceId: 8f2b5f764abbc66f[\r][\n]"
&amp#27;[35m21-04-15 13:55:54:931&amp#27;[m [&amp#27;[34mDEBUG&amp#27;[m]  << "x-arequestid: efa57cbc-2341-4a8a-90cc-1409ea510d2a[\r][\n]"
&amp#27;[35m21-04-15 13:55:54:932&amp#27;[m [&amp#27;[34mDEBUG&amp#27;[m]  << "x-aaccountid: 605cd90ab18de500710f061e[\r][\n]"
&amp#27;[35m21-04-15 13:55:54:933&amp#27;[m [&amp#27;[34mDEBUG&amp#27;[m]  << "X-XSS-Protection: 1; mode=block[\r][\n]"
&amp#27;[35m21-04-15 13:55:54:933&amp#27;[m [&amp#27;[34mDEBUG&amp#27;[m]  << "Transfer-Encoding: chunked[\r][\n]"
&amp#27;[35m21-04-15 13:55:54:934&amp#27;[m [&amp#27;[34mDEBUG&amp#27;[m]  << "timing-allow-origin: *[\r][\n]"
&amp#27;[35m21-04-15 13:55:54:934&amp#27;[m [&amp#27;[34mDEBUG&amp#27;[m]  << "x-envoy-upstream-service-time: 319[\r][\n]"
&amp#27;[35m21-04-15 13:55:54:935&amp#27;[m [&amp#27;[34mDEBUG&amp#27;[m]  << "X-Content-Type-Options: nosniff[\r][\n]"
&amp#27;[35m21-04-15 13:55:54:935&amp#27;[m [&amp#27;[34mDEBUG&amp#27;[m]  << "Connection: keep-alive[\r][\n]"
&amp#27;[35m21-04-15 13:55:54:936&amp#27;[m [&amp#27;[34mDEBUG&amp#27;[m]  << "set-cookie: atlassian.xsrf.token=3f19ac9e-ac9f-4f4a-8a27-528b279ec730_cbd79126c7e3ebc39f1d8e04e4ab4fa96a204b30_lin; Path=/; Secure[\r][\n]"
&amp#27;[35m21-04-15 13:55:54:937&amp#27;[m [&amp#27;[34mDEBUG&amp#27;[m]  << "Expect-CT: report-uri="https://web-security-reports.services.atlassian.com/expect-ct-report/global-proxy", enforce, max-age=86400[\r][\n]"
&amp#27;[35m21-04-15 13:55:54:937&amp#27;[m [&amp#27;[34mDEBUG&amp#27;[m]  << "[\r][\n]"
&amp#27;[35m21-04-15 13:55:54:938&amp#27;[m [&amp#27;[34mDEBUG&amp#27;[m] Receiving response: HTTP/1.1 200 OK
&amp#27;[35m21-04-15 13:55:54:938&amp#27;[m [&amp#27;[34mDEBUG&amp#27;[m] << HTTP/1.1 200 OK
&amp#27;[35m21-04-15 13:55:54:939&amp#27;[m [&amp#27;[34mDEBUG&amp#27;[m] << Server: AtlassianProxy/1.15.8.1
&amp#27;[35m21-04-15 13:55:54:939&amp#27;[m [&amp#27;[34mDEBUG&amp#27;[m] << vary: Accept-Encoding
&amp#27;[35m21-04-15 13:55:54:940&amp#27;[m [&amp#27;[34mDEBUG&amp#27;[m] << cache-control: no-cache, no-store, no-transform
&amp#27;[35m21-04-15 13:55:54:940&amp#27;[m [&amp#27;[34mDEBUG&amp#27;[m] << Content-Type: application/json;charset=UTF-8
&amp#27;[35m21-04-15 13:55:54:941&amp#27;[m [&amp#27;[34mDEBUG&amp#27;[m] << Strict-Transport-Security: max-age=315360000; includeSubDomains; preload
&amp#27;[35m21-04-15 13:55:54:941&amp#27;[m [&amp#27;[34mDEBUG&amp#27;[m] << Date: Thu, 15 Apr 2021 08:25:55 GMT
&amp#27;[35m21-04-15 13:55:54:942&amp#27;[m [&amp#27;[34mDEBUG&amp#27;[m] << ATL-TraceId: 8f2b5f764abbc66f
&amp#27;[35m21-04-15 13:55:54:942&amp#27;[m [&amp#27;[34mDEBUG&amp#27;[m] << x-arequestid: efa57cbc-2341-4a8a-90cc-1409ea510d2a
&amp#27;[35m21-04-15 13:55:54:942&amp#27;[m [&amp#27;[34mDEBUG&amp#27;[m] << x-aaccountid: 605cd90ab18de500710f061e
&amp#27;[35m21-04-15 13:55:54:942&amp#27;[m [&amp#27;[34mDEBUG&amp#27;[m] << X-XSS-Protection: 1; mode=block
&amp#27;[35m21-04-15 13:55:54:943&amp#27;[m [&amp#27;[34mDEBUG&amp#27;[m] << Transfer-Encoding: chunked
&amp#27;[35m21-04-15 13:55:54:943&amp#27;[m [&amp#27;[34mDEBUG&amp#27;[m] << timing-allow-origin: *
&amp#27;[35m21-04-15 13:55:54:943&amp#27;[m [&amp#27;[34mDEBUG&amp#27;[m] << x-envoy-upstream-service-time: 319
&amp#27;[35m21-04-15 13:55:54:943&amp#27;[m [&amp#27;[34mDEBUG&amp#27;[m] << X-Content-Type-Options: nosniff
&amp#27;[35m21-04-15 13:55:54:943&amp#27;[m [&amp#27;[34mDEBUG&amp#27;[m] << Connection: keep-alive
&amp#27;[35m21-04-15 13:55:54:944&amp#27;[m [&amp#27;[34mDEBUG&amp#27;[m] << set-cookie: atlassian.xsrf.token=3f19ac9e-ac9f-4f4a-8a27-528b279ec730_cbd79126c7e3ebc39f1d8e04e4ab4fa96a204b30_lin; Path=/; Secure
&amp#27;[35m21-04-15 13:55:54:944&amp#27;[m [&amp#27;[34mDEBUG&amp#27;[m] << Expect-CT: report-uri="https://web-security-reports.services.atlassian.com/expect-ct-report/global-proxy", enforce, max-age=86400
&amp#27;[35m21-04-15 13:55:54:949&amp#27;[m [&amp#27;[34mDEBUG&amp#27;[m] Cookie accepted [atlassian.xsrf.token="3f19ac9e-ac9f-4f4a-8a27-528b279ec730_cbd79126c7e3ebc39f1d8e04e4ab4fa96a204b30_lin", version:0, domain:seleniumjenkins.atlassian.net, path:/, expiry:null]
&amp#27;[35m21-04-15 13:55:54:951&amp#27;[m [&amp#27;[34mDEBUG&amp#27;[m] Connection can be kept alive indefinitely
&amp#27;[35m21-04-15 13:55:54:957&amp#27;[m [&amp#27;[34mDEBUG&amp#27;[m]  << "2fe5[\r][\n]"
&amp#27;[35m21-04-15 13:55:54:959&amp#27;[m [&amp#27;[34mDEBUG&amp#27;[m]  << "{"expand":"schema,names","startAt":0,"maxResults":50,"total":2,"issues":[{"expand":"operations,versionedRepresentations,editmeta,changelog,renderedFields","id":"10005","self":"https://seleniumjenkins.atlassian.net/rest/api/latest/issue/10005","key":"MAV-2","fields":{"statuscategorychangedate":"2021-03-26T18:33:40.572+0530","issuetype":{"self":"https://seleniumjenkins.atlassian.net/rest/api/2/issuetype/10005","id":"10005","description":"This JIRA Issue Type is used to create Zephyr Tests.","iconUrl":"https://seleniumjenkins.atlassian.net/secure/viewavatar?size=medium&avatarId=10551&avatarType=issuetype","name":"Test","subtask":false,"avatarId":10551},"timespent":null,"project":{"self":"https://seleniumjenkins.atlassian.net/rest/api/2/project/10001","id":"10001","key":"MAV","name":"MavenProject","projectTypeKey":"software","simplified":false,"avatarUrls":{"48x48":"https://seleniumjenkins.atlassian.net/secure/projectavatar?pid=10001&avatarId=10412","24x24":"https://seleniumjenkins.atlassian.net/secure/projectavatar?size=small&s=small&pid=10001&avatarId=10412","16x16":"https://seleniumjenkins.atlassian.net/secure/projectavatar?size=xsmall&s=xsmall&pid=10001&avatarId=10412","32x32":"https://seleniumjenkins.atlassian.net/secure/projectavatar?size=medium&s=medium&pid=10001&avatarId=10412"}},"fixVersions":[],"aggregatetimespent":null,"resolution":null,"resolutiondate":null,"workratio":-1,"lastViewed":"2021-04-05T19:30:18.904+0530","watches":{"self":"https://seleniumjenkins.atlassian.net/rest/api/2/issue/MAV-2/watchers","watchCount":1,"isWatching":true},"created":"2021-03-26T18:33:40.336+0530","customfield_10020":null,"customfield_10021":null,"customfield_10022":null,"customfield_10023":null,"priority":{"self":"https://seleniumjenkins.atlassian.net/rest/api/2/priority/3","iconUrl":"https://seleniumjenkins.atlassian.net/images/icons/priorities/medium.svg","name":"Medium","id":"3"},"customfield_10024":null,"customfield_10025":null,"labels":[],"customfield_10016":null,"customfield_10017":null,"customfield_10018":{"hasEpicLinkFieldDependency":false,"showField":false,"nonEditableReason":{"reason":"PLUGIN_LICENSE_ERROR","message":"The Parent Link is only available to Jira Premium users."}},"customfield_10019":"0|i00013:","timeestimate":null,"aggregatetimeoriginalestimate":null,"versions":[],"issuelinks":[],"assignee":null,"updated":"2021-03-26T18:33:52.016+0530","status":{"self":"https://seleniumjenkins.atlassian.net/rest/api/2/status/10000","description":"","iconUrl":"https://seleniumjenkins.atlassian.net/","name":"Backlog","id":"10000","statusCategory":{"self":"https://seleniumjenkins.atlassian.net/rest/api/2/statuscategory/2","id":2,"key":"new","colorName":"blue-gray","name":"To Do"}},"components":[],"timeoriginalestimate":null,"description":null,"customfield_10010":null,"customfield_10014":null,"customfield_10015":null,"customfield_10005":null,"customfield_10006":null,"customfield_10007":null,"security":null,"customfield_10008":null,"aggregatetimeestimate":null,"customfield_10009":null,"summary":"com.test.mavenProject.MavenProject.AppTest.shouldAnswerWithFalse","creator":{"self":"https://seleniumjenkins.atlassian.net/rest/api/2/user?accountId=605cd90ab18de500710f061e","accountId":"605cd90ab18de500710f061e","emailAddress":"bharathkalapakuri@hotmail.com","avatarUrls":{"48x48":"https://secure.gravatar.com/avatar/44cab9ec446c3c21783f153d71ddb6ca?d=https%3A%2F%2Favatar-management--avatars.us-west-2.prod.public.atl-paas.net%2Finitials%2FB-5.png","24x24":"https://secure.gravatar.com/avatar/44cab9ec446c3c21783f153d71ddb6ca?d=https%3A%2F%2Favatar-management--avatars.us-west-2.prod.public.atl-paas.net%2Finitials%2FB-5.png","16x16":"https://secure.gravatar.com/avatar/44cab9ec446c3c21783f153d71ddb6ca?d=https%3A%2F%2Favatar-management--avatars.us-west-2.prod.public.atl-paas.net%2Finitials%2FB-5.png","32x32":"https://secure.gravatar.com/avatar/44cab9ec446c3c21783f153d71ddb6ca?d=https%3A%2F%2Favatar-management--avatars.us-west-2.prod.public.atl-paas.net%2Finitials%2FB-5.png"},"displayName":"bharathkakapakuri","active":true,"timeZone":"Asia/Kolkata","accountType":"atlassian"},"subtasks":[],"reporter":{"self":"https://seleniumjenkins.atlassian.net/rest/api/2/user?accountId=605cd90ab18de500710f061e","accountId":"605cd90ab18de500710f061e","emailAddress":"bharathkalapakuri@hotmail.com","avatarUrls":{"48x48":"https://secure.gravatar.com/avatar/44cab9ec446c3c21783f153d71ddb6ca?d=https%3A%2F%2Favatar-management--avatars.us-west-2.prod.public.atl-paas.net%2Finitials%2FB-5.png","24x24":"https://secure.gravatar.com/avatar/44cab9ec446c3c21783f153d71ddb6ca?d=https%3A%2F%2Favatar-management--avatars.us-west-2.prod.public.atl-paas.net%2Finitials%2FB-5.png","16x16":"https://secure.gravatar.com/avatar/44cab9ec446c3c21783f153d71ddb6ca?d=https%3A%2F%2Favatar-management--avatars.us-west-2.prod.public.atl-paas.net%2Finitials%2FB-5.png","32x32":"https://secure.gravatar.com/avatar/44cab9ec446c3c21783f153d71ddb6ca?d=https%3A%2F%2Favatar-management--avatars.us-west-2.prod.public.atl-paas.net%2Finitials%2FB-5.png"},"displayName":"bharathkakapakuri","active":true,"timeZone":"Asia/Kolkata","accountType":"atlassian"},"customfield_10000":"{}","aggregateprogress":{"progress":0,"total":0},"customfield_10001":null,"customfield_10002":null,"customfield_10003":null,"customfield_10004":null,"environment":null,"duedate":null,"progress":{"progress":0,"total":0},"votes":{"self":"https://seleniumjenkins.atlassian.net/rest/api/2/issue/MAV-2/votes","votes":0,"hasVoted":false}}},{"expand":"operations,versionedRepresentations,editmeta,changelog,renderedFields","id":"10004","self":"https://seleniumjenkins.atlassian.net/rest/api/latest/issue/10004","key":"MAV-1","fields":{"statuscategorychangedate":"2021-04-05T23:35:19.560+0530","issuetype":{"self":"https://seleniumjenkins.atlassian.net/rest/api/2/issuetype/10005","id":"10005","description":"This JIRA Issue Type is used to create Zephyr Tests.","iconUrl":"https://seleniumjenkins.atlassian.net/secure/viewavatar?size=medium&avatarId=10551&avatarType=issuetype","name":"Test","subtask":false,"avatarId":10551},"timespent":null,"project":{"self":"https://seleniumjenkins.atlassian.net/rest/api/2/project/10001","id":"10001","key":"MAV","name":"MavenProject","projectTypeKey":"software","simplified":false,"avatarUrls":{"48x48":"https://seleniumjenkins.atlassian.net/secure/projectavatar?pid=10001&avatarId=10412","24x24":"https://seleniumjenkins.atlassian.net/secure/projectavatar?size=small&s=small&pid=10001&avatarId=10412","16x16":"https://seleniumjenkins.atlassian.net/secure/projectavatar?size=xsmall&s=xsmall&pid=10001&avatarId=10412","32x32":"https://seleniumjenkins.atlassian.net/secure/projectavatar?size=medium&s=medium&pid=10001&avatarId=10412"}},"fixVersions":[],"aggregatetimespent":null,"resolution":{"self":"https://seleniumjenkins.atlassian.net/rest/api/2/resolution/10000","id":"10000","description":"Work has been completed on this issue.","name":"Done"},"resolutiondate":"2021-04-05T23:35:19.556+0530","workratio":-1,"lastViewed":"2021-04-15T13:06:04.753+0530","watches":{"self":"https://seleniumjenkins.atlassian.net/rest/api/2/issue/MAV-1/watchers","watchCount":1,"isWatching":true},"created":"2021-03-26T18:23:00.406+0530","customfield_10020":null,"customfield_10021":null,"customfield_10022":null,"priority":{"self":"https://sele"
&amp#27;[35m21-04-15 13:55:54:963&amp#27;[m [&amp#27;[34mDEBUG&amp#27;[m]  << "niumjenkins.atlassian.net/rest/api/2/priority/3","iconUrl":"https://seleniumjenkins.atlassian.net/images/icons/priorities/medium.svg","name":"Medium","id":"3"},"customfield_10023":null,"customfield_10024":null,"customfield_10025":"3_*:*_1_*:*_4064_*|*_10000_*:*_2_*:*_882711158_*|*_10002_*:*_2_*:*_21036_*|*_10001_*:*_1_*:*_2933","labels":["test"],"customfield_10016":null,"customfield_10017":null,"customfield_10018":{"hasEpicLinkFieldDependency":false,"showField":false,"nonEditableReason":{"reason":"PLUGIN_LICENSE_ERROR","message":"The Parent Link is only available to Jira Premium users."}},"customfield_10019":"0|i0000v:","aggregatetimeoriginalestimate":null,"timeestimate":null,"versions":[],"issuelinks":[],"assignee":{"self":"https://seleniumjenkins.atlassian.net/rest/api/2/user?accountId=605cd90ab18de500710f061e","accountId":"605cd90ab18de500710f061e","emailAddress":"bharathkalapakuri@hotmail.com","avatarUrls":{"48x48":"https://secure.gravatar.com/avatar/44cab9ec446c3c21783f153d71ddb6ca?d=https%3A%2F%2Favatar-management--avatars.us-west-2.prod.public.atl-paas.net%2Finitials%2FB-5.png","24x24":"https://secure.gravatar.com/avatar/44cab9ec446c3c21783f153d71ddb6ca?d=https%3A%2F%2Favatar-management--avatars.us-west-2.prod.public.atl-paas.net%2Finitials%2FB-5.png","16x16":"https://secure.gravatar.com/avatar/44cab9ec446c3c21783f153d71ddb6ca?d=https%3A%2F%2Favatar-management--avatars.us-west-2.prod.public.atl-paas.net%2Finitials%2FB-5.png","32x32":"https://secure.gravatar.com/avatar/44cab9ec446c3c21783f153d71ddb6ca?d=https%3A%2F%2Favatar-management--avatars.us-west-2.prod.public.atl-paas.net%2Finitials%2FB-5.png"},"displayName":"bharathkakapakuri","active":true,"timeZone":"Asia/Kolkata","accountType":"atlassian"},"updated":"2021-04-07T15:32:29.330+0530","status":{"self":"https://seleniumjenkins.atlassian.net/rest/api/2/status/10002","description":"","iconUrl":"https://seleniumjenkins.atlassian.net/","name":"Done","id":"10002","statusCategory":{"self":"https://seleniumjenkins.atlassian.net/rest/api/2/statuscategory/3","id":3,"key":"done","colorName":"green","name":"Done"}},"components":[],"timeoriginalestimate":null,"description":"Welcome to Jira Jenkins integration","customfield_10010":null,"customfield_10014":null,"customfield_10015":null,"customfield_10005":null,"customfield_10006":null,"security":null,"customfield_10007":null,"customfield_10008":null,"aggregatetimeestimate":null,"customfield_10009":null,"summary":"com.test.mavenProject.MavenProject.AppTest.shouldAnswerWithTrue","creator":{"self":"https://seleniumjenkins.atlassian.net/rest/api/2/user?accountId=605cd90ab18de500710f061e","accountId":"605cd90ab18de500710f061e","emailAddress":"bharathkalapakuri@hotmail.com","avatarUrls":{"48x48":"https://secure.gravatar.com/avatar/44cab9ec446c3c21783f153d71ddb6ca?d=https%3A%2F%2Favatar-management--avatars.us-west-2.prod.public.atl-paas.net%2Finitials%2FB-5.png","24x24":"https://secure.gravatar.com/avatar/44cab9ec446c3c21783f153d71ddb6ca?d=https%3A%2F%2Favatar-management--avatars.us-west-2.prod.public.atl-paas.net%2Finitials%2FB-5.png","16x16":"https://secure.gravatar.com/avatar/44cab9ec446c3c21783f153d71ddb6ca?d=https%3A%2F%2Favatar-management--avatars.us-west-2.prod.public.atl-paas.net%2Finitials%2FB-5.png","32x32":"https://secure.gravatar.com/avatar/44cab9ec446c3c21783f153d71ddb6ca?d=https%3A%2F%2Favatar-management--avatars.us-west-2.prod.public.atl-paas.net%2Finitials%2FB-5.png"},"displayName":"bharathkakapakuri","active":true,"timeZone":"Asia/Kolkata","accountType":"atlassian"},"subtasks":[],"reporter":{"self":"https://seleniumjenkins.atlassian.net/rest/api/2/user?accountId=557058%3Af58131cb-b67d-43c7-b30d-6b58d40bd077","accountId":"557058:f58131cb-b67d-43c7-b30d-6b58d40bd077","avatarUrls":{"48x48":"https://secure.gravatar.com/avatar/600529a9c8bfef89daa848e6db28ed2d?d=https%3A%2F%2Favatar-management--avatars.us-west-2.prod.public.atl-paas.net%2Finitials%2FAJ-0.png","24x24":"https://secure.gravatar.com/avatar/600529a9c8bfef89daa848e6db28ed2d?d=https%3A%2F%2Favatar-management--avatars.us-west-2.prod.public.atl-paas.net%2Finitials%2FAJ-0.png","16x16":"https://secure.gravatar.com/avatar/600529a9c8bfef89daa848e6db28ed2d?d=https%3A%2F%2Favatar-management--avatars.us-west-2.prod.public.atl-paas.net%2Finitials%2FAJ-0.png","32x32":"https://secure.gravatar.com/avatar/600529a9c8bfef89daa848e6db28ed2d?d=https%3A%2F%2Favatar-management--avatars.us-west-2.prod.public.atl-paas.net%2Finitials%2FAJ-0.png"},"displayName":"Automation for Jira","active":true,"timeZone":"Asia/Kolkata","accountType":"app"},"customfield_10000":"{}","aggregateprogress":{"progress":0,"total":0},"customfield_10001":null,"customfield_10002":null,"customfield_10003":null,"customfield_10004":null,"environment":null,"duedate":null,"progress":{"progress":0,"total":0},"votes":{"self":"https://seleniumjenkins.atlassian.net/rest/api/2/issue/MAV-1/votes","votes":0,"hasVoted":false}}}]}"
&amp#27;[35m21-04-15 13:55:54:965&amp#27;[m [&amp#27;[34mDEBUG&amp#27;[m]  << "[\r][\n]"
&amp#27;[35m21-04-15 13:55:54:965&amp#27;[m [&amp#27;[34mDEBUG&amp#27;[m]  << "0[\r][\n]"
&amp#27;[35m21-04-15 13:55:54:966&amp#27;[m [&amp#27;[34mDEBUG&amp#27;[m]  << "[\r][\n]"
&amp#27;[35m21-04-15 13:55:54:966&amp#27;[m [&amp#27;[34mDEBUG&amp#27;[m] Releasing connection org.apache.http.impl.conn.ManagedClientConnectionImpl@3d36dff4
&amp#27;[35m21-04-15 13:55:54:966&amp#27;[m [&amp#27;[34mDEBUG&amp#27;[m] Connection can be kept alive indefinitely
Issue-->MAV-2
Issue-->MAV-1
]]></system-out>
  </testcase>
  <testcase name="shouldAnswerWithTrue" classname="com.test.mavenProject.MavenProject.AppTest" time="0">
    <skipped message="Configuration is not defined: ZAPI_HOME&#10;To work with configuration you need to defined it first.&#10;We need all configuration parameters so we can use this information while you are using application in cli mode.&#10;To do so you need to add this information to your default yaml file in following format:&#10;- name: &quot;String: &lt;Configuration Name&gt;&quot;&#10;  descriptions: &quot;String: &lt;Command line prompt to inform use about the propose of config if the value is not set&gt;&quot;&#10;  defaultValue: &quot;String: &lt;Default value so we can use it if value is not set, note that we do not prompt user if default value set&gt;&quot;&#10;  required: &lt;Boolean: Shall we prompt user for this config if it is not set or we can ignore this&gt;&#10;  sensitive: &lt;Boolean: if the configuration information is sensitive and should mask in log&gt;&#10;"/>
  </testcase>
  <testcase name="jiraTest" classname="com.test.mavenProject.MavenProject.AppTest" time="0">
    <skipped/>
  </testcase>
</testsuite>