<?xml version="1.0" encoding="UTF-8"?>
<testng-results ignored="0" total="2" passed="2" failed="0" skipped="0">
  <reporter-output>
  </reporter-output>
  <suite started-at="2021-06-15T20:28:55 IST" name="Surefire suite" finished-at="2021-06-15T20:28:55 IST" duration-ms="47">
    <groups>
    </groups>
    <test started-at="2021-06-15T20:28:55 IST" name="Surefire test" finished-at="2021-06-15T20:28:55 IST" duration-ms="47">
      <class name="com.test.mavenProject.MavenProject.ApiTest">
        <test-method signature="testFailMethod()[pri:0, instance:com.test.mavenProject.MavenProject.ApiTest@7d8995e]" started-at="2021-06-15T20:28:55 IST" name="testFailMethod" finished-at="2021-06-15T20:28:55 IST" duration-ms="7" status="PASS">
          <reporter-output>
          </reporter-output>
        </test-method> <!-- testFailMethod -->
        <test-method signature="testPassMethod()[pri:0, instance:com.test.mavenProject.MavenProject.ApiTest@7d8995e]" started-at="2021-06-15T20:28:55 IST" name="testPassMethod" finished-at="2021-06-15T20:28:55 IST" duration-ms="0" status="PASS">
          <reporter-output>
          </reporter-output>
        </test-method> <!-- testPassMethod -->
      </class> <!-- com.test.mavenProject.MavenProject.ApiTest -->
    </test> <!-- Surefire test -->
  </suite> <!-- Surefire suite -->
</testng-results>
