<?xml version="1.0" encoding="UTF-8"?>
<testng-results ignored="0" total="2" passed="2" failed="0" skipped="0">
  <reporter-output>
  </reporter-output>
  <suite started-at="2021-04-07T17:50:27 IST" name="Suite" finished-at="2021-04-07T17:50:27 IST" duration-ms="56">
    <groups>
    </groups>
    <test started-at="2021-04-07T17:50:27 IST" name="Test" finished-at="2021-04-07T17:50:27 IST" duration-ms="56">
      <class name="com.test.mavenProject.MavenProject.AppTest">
        <test-method signature="shouldAnswerWithFalse()[pri:0, instance:com.test.mavenProject.MavenProject.AppTest@687e99d8]" started-at="2021-04-07T17:50:27 IST" name="shouldAnswerWithFalse" finished-at="2021-04-07T17:50:27 IST" duration-ms="7" status="PASS">
          <reporter-output>
          </reporter-output>
        </test-method> <!-- shouldAnswerWithFalse -->
        <test-method signature="shouldAnswerWithTrue()[pri:0, instance:com.test.mavenProject.MavenProject.AppTest@687e99d8]" started-at="2021-04-07T17:50:27 IST" name="shouldAnswerWithTrue" finished-at="2021-04-07T17:50:27 IST" duration-ms="0" status="PASS">
          <reporter-output>
          </reporter-output>
        </test-method> <!-- shouldAnswerWithTrue -->
      </class> <!-- com.test.mavenProject.MavenProject.AppTest -->
    </test> <!-- Test -->
  </suite> <!-- Suite -->
</testng-results>
