<?xml version="1.0" encoding="UTF-8"?>
<testng-results ignored="0" total="1" passed="1" failed="0" skipped="0">
  <reporter-output>
  </reporter-output>
  <suite started-at="2024-04-08T18:00:24 IST" name="Default suite" finished-at="2024-04-08T18:00:24 IST" duration-ms="56">
    <groups>
    </groups>
    <test started-at="2024-04-08T18:00:24 IST" name="Default test" finished-at="2024-04-08T18:00:24 IST" duration-ms="56">
      <class name="com.test.mavenProject.MavenProject.TestClassDemo">
        <test-method signature="readTestFile()[pri:0, instance:com.test.mavenProject.MavenProject.TestClassDemo@503d687a]" started-at="2024-04-08T18:00:24 IST" name="readTestFile" finished-at="2024-04-08T18:00:24 IST" duration-ms="10" status="PASS">
          <reporter-output>
          </reporter-output>
        </test-method> <!-- readTestFile -->
      </class> <!-- com.test.mavenProject.MavenProject.TestClassDemo -->
    </test> <!-- Default test -->
  </suite> <!-- Default suite -->
</testng-results>
